<project>
  <modelVersion>4.0.0</modelVersion>
  <groupId>com.atlassian.jira</groupId>
  <artifactId>jira-func-tests</artifactId>
  <version>4.2-SNAPSHOT</version>
  <name>Atlassian JIRA - Func Tests</name>
  <description>JWebUnit tests for JIRA</description>
  <build>
    <testResources>
      <testResource>
        <directory>src/main/resources</directory>
        <includes>
          <include>localtest.installer.properties</include>
        </includes>
        <filtering>true</filtering>
      </testResource>
    </testResources>
    <testOutputDirectory>${project.build.directory}/classes</testOutputDirectory>
    <plugins>
      <plugin>
        <artifactId>maven-surefire-plugin</artifactId>
        <configuration>
          <argLine>-Xmx512m -XX:+HeapDumpOnOutOfMemoryError</argLine>
          <excludes>
            <exclude>com/atlassian/jira/webtests/synch/*</exclude>
          </excludes>
          <includes>
            <include>com/atlassian/jira/webtests/AcceptanceTestHarness.java</include>
          </includes>
          <skip>true</skip>
          <systemProperties>        
            <property>
              <name>test.server.properties</name>
              <value>${test.server.properties}</value>
            </property>
          </systemProperties>
        </configuration>
        <executions>
          <execution>
            <goals>
              <goal>test</goal>
            </goals>
            <phase>integration-test</phase>
            <configuration>
              <skip>false</skip>
          </configuration>
          </execution>          
        </executions>
      </plugin>
      <plugin>
        <artifactId>maven-dependency-plugin</artifactId>
        <version>2.1-atlassian-2</version>
      </plugin>
    </plugins>
    <resources>
      <resource>
        <directory>src/main/resources</directory>
        <targetPath>resources</targetPath>
      </resource>
      <resource>
        <directory>src/main/xml</directory>
        <targetPath>resources/xml</targetPath>
      </resource>
    </resources>
  </build>
  <dependencies>
    <dependency>
      <groupId>org.mozilla</groupId>
      <artifactId>rhino</artifactId>
      <version>1.7R4</version>
    </dependency>
    <dependency>
      <groupId>commons-jelly</groupId>
      <artifactId>commons-jelly-tags-regexp</artifactId>
      <version>1.0</version>
    </dependency>
    <dependency>
      <groupId>commons-codec</groupId>
      <artifactId>commons-codec</artifactId>
      <version>1.3</version>
    </dependency>
    <dependency>
      <groupId>bouncycastle</groupId>
      <artifactId>bcprov-jdk14</artifactId>
      <version>138</version>
    </dependency>
    <dependency>
      <groupId>com.atlassian.core</groupId>
      <artifactId>atlassian-core</artifactId>
      <version>4.5.2</version>
    </dependency>
    <dependency>
      <groupId>com.atlassian.extras</groupId>
      <artifactId>atlassian-extras</artifactId>
      <version>2.2.1</version>
    </dependency>
    <dependency>
      <groupId>joda-time</groupId>
      <artifactId>joda-time</artifactId>
      <version>1.4</version>
    </dependency>
    <dependency>
      <groupId>opensymphony</groupId>
      <artifactId>oscore</artifactId>
      <version>2.2.7-atlassian-1</version>
    </dependency>
    <dependency>
      <groupId>exml</groupId>
      <artifactId>exml</artifactId>
      <version>7.1</version>
    </dependency>
    <dependency>
      <groupId>net.sourceforge.jwebunit</groupId>
      <artifactId>jwebunit</artifactId>
      <version>1.2-atlassian-3</version>
    </dependency>
    <dependency>
      <groupId>com.meteware.httpunit</groupId>
      <artifactId>httpunit</artifactId>
      <version>1.5.4-atlassian-6</version>
    </dependency>
    <dependency>
      <groupId>junit</groupId>
      <artifactId>junit</artifactId>
      <version>3.8.1</version>
    </dependency>
    <dependency>
      <groupId>commons-lang</groupId>
      <artifactId>commons-lang</artifactId>
      <version>2.4</version>
    </dependency>
    <dependency>
      <groupId>commons-io</groupId>
      <artifactId>commons-io</artifactId>
      <version>1.4</version>
    </dependency>
    <dependency>
      <groupId>commons-collections</groupId>
      <artifactId>commons-collections</artifactId>
      <version>3.2</version>
    </dependency>
    <dependency>
      <groupId>log4j</groupId>
      <artifactId>log4j</artifactId>
      <version>1.2.15</version>
      <exclusions>
        <exclusion>
          <groupId>com.sun.jdmk</groupId>
          <artifactId>jmxtools</artifactId>
        </exclusion>
        <exclusion>
          <groupId>com.sun.jmx</groupId>
          <artifactId>jmxri</artifactId>
        </exclusion>
      </exclusions>
    </dependency>
    <dependency>
      <groupId>dom4j</groupId>
      <artifactId>dom4j</artifactId>
      <version>1.6.1</version>
      <exclusions>
        <exclusion>
          <groupId>saxpath</groupId>
          <artifactId>saxpath</artifactId>
        </exclusion>
        <exclusion>
          <groupId>msv</groupId>
          <artifactId>msv</artifactId>
        </exclusion>
        <exclusion>
          <groupId>relaxngDatatype</groupId>
          <artifactId>relaxngDatatype</artifactId>
        </exclusion>
        <exclusion>
          <groupId>isorelax</groupId>
          <artifactId>isorelax</artifactId>
        </exclusion>
      </exclusions>
    </dependency>
    <dependency>
      <groupId>com.icegreen</groupId>
      <artifactId>greenmail</artifactId>
      <version>1.3</version>
      <exclusions>
        <exclusion>
          <groupId>org.slf4j</groupId>
          <artifactId>slf4j-api</artifactId>
        </exclusion>
      </exclusions>
    </dependency>
    <dependency>
      <groupId>javax.activation</groupId>
      <artifactId>activation</artifactId>
      <version>1.1.1</version>
    </dependency>
    <dependency>
      <groupId>javax.mail</groupId>
      <artifactId>mail</artifactId>
      <version>1.4</version>
    </dependency>
    <dependency>
      <groupId>jaxen</groupId>
      <artifactId>jaxen</artifactId>
      <version>1.1.1</version>
      <exclusions>
        <exclusion>
          <groupId>jdom</groupId>
          <artifactId>jdom</artifactId>
        </exclusion>
        <exclusion>
          <groupId>xom</groupId>
          <artifactId>xom</artifactId>
        </exclusion>
      </exclusions>
    </dependency>
    <dependency>
      <groupId>commons-logging</groupId>
      <artifactId>commons-logging</artifactId>
      <version>1.0.4</version>
    </dependency>
    <dependency>
      <groupId>xmlunit</groupId>
      <artifactId>xmlunit</artifactId>
      <version>1.0</version>
    </dependency>
    <dependency>
      <groupId>nekohtml</groupId>
      <artifactId>nekohtml</artifactId>
      <version>0.8.1</version>
    </dependency>
    <dependency>
      <groupId>xerces</groupId>
      <artifactId>xercesImpl</artifactId>
      <version>2.9.1</version>
    </dependency>
    <dependency>
      <groupId>ant</groupId>
      <artifactId>ant</artifactId>
      <version>1.5.4</version>
    </dependency>
    <dependency>
      <groupId>oro</groupId>
      <artifactId>oro</artifactId>
      <version>2.0.7</version>
    </dependency>
    <dependency>
      <groupId>javax.servlet</groupId>
      <artifactId>servlet-api</artifactId>
      <version>2.3</version>
    </dependency>
    <dependency>
      <groupId>org.mortbay.jetty</groupId>
      <artifactId>jetty</artifactId>
      <version>6.0.2</version>
    </dependency>
    <dependency>
      <groupId>org.mortbay.jetty</groupId>
      <artifactId>jetty-util</artifactId>
      <version>6.0.2</version>
    </dependency>
    <dependency>
      <groupId>xmlrpc</groupId>
      <artifactId>xmlrpc</artifactId>
      <version>2.0</version>
    </dependency>
    <dependency>
      <groupId>axis</groupId>
      <artifactId>axis</artifactId>
      <version>1.3-atlassian-1</version>
    </dependency>
    <dependency>
      <groupId>axis</groupId>
      <artifactId>axis-jaxrpc</artifactId>
      <version>1.3</version>
    </dependency>
    <dependency>
      <groupId>axis</groupId>
      <artifactId>axis-saaj</artifactId>
      <version>1.3</version>
    </dependency>
    <dependency>
      <groupId>commons-discovery</groupId>
      <artifactId>commons-discovery</artifactId>
      <version>0.2</version>
    </dependency>
    <dependency>
      <groupId>net.jcip</groupId>
      <artifactId>jcip-annotations</artifactId>
      <version>1.0</version>
    </dependency>
    <dependency>
      <groupId>com.atlassian.util.concurrent</groupId>
      <artifactId>atlassian-util-concurrent</artifactId>
      <version>0.0.5</version>
    </dependency>
    <dependency>
      <groupId>cargo-test-runner</groupId>
      <artifactId>cargo-test-runner</artifactId>
      <version>2.1.1</version>
    </dependency>
    <dependency>
      <groupId>org.codehaus.cargo</groupId>
      <artifactId>cargo-core-uberjar</artifactId>
      <version>1.0-atlassianpatch-CARGO-553-2</version>
    </dependency>
    <dependency>
      <groupId>org.easymock</groupId>
      <artifactId>easymock</artifactId>
      <version>2.4</version>
    </dependency>
    <dependency>
      <groupId>cglib</groupId>
      <artifactId>cglib-nodep</artifactId>
      <version>2.1_3</version>
    </dependency>
    <dependency>
      <groupId>org.easymock</groupId>
      <artifactId>easymockclassextension</artifactId>
      <version>2.4</version>
    </dependency>
  </dependencies>
</project>
